#
# There is insufficient memory for the Java Runtime Environment to continue.
# Native memory allocation (malloc) failed to allocate 1048576 bytes. Error detail: AllocateHeap
# Possible reasons:
#   The system is out of physical RAM or swap space
#   This process is running with CompressedOops enabled, and the Java Heap may be blocking the growth of the native heap
# Possible solutions:
#   Reduce memory load on the system
#   Increase physical memory or swap space
#   Check if swap backing store is full
#   Decrease Java heap size (-Xmx/-Xms)
#   Decrease number of Java threads
#   Decrease Java thread stack sizes (-Xss)
#   Set larger code cache with -XX:ReservedCodeCacheSize=
#   JVM is running with Unscaled Compressed Oops mode in which the Java heap is
#     placed in the first 4GB address space. The Java Heap base address is the
#     maximum limit for the native heap growth. Please use -XX:HeapBaseMinAddress
#     to set the Java Heap base and to place the Java Heap above 4GB virtual address.
# This output file may be truncated or incomplete.
#
#  Out of Memory Error (allocation.cpp:44), pid=2116, tid=684
#
# JRE version: OpenJDK Runtime Environment Temurin-21.0.8+9 (21.0.8+9) (build 21.0.8+9-LTS)
# Java VM: OpenJDK 64-Bit Server VM Temurin-21.0.8+9 (21.0.8+9-LTS, mixed mode, sharing, tiered, compressed oops, compressed class ptrs, parallel gc, windows-amd64)
# No core dump will be written. Minidumps are not enabled by default on client versions of Windows
#

---------------  S U M M A R Y ------------

Command Line: --add-modules=ALL-SYSTEM --add-opens=java.base/java.util=ALL-UNNAMED --add-opens=java.base/java.lang=ALL-UNNAMED --add-opens=java.base/sun.nio.fs=ALL-UNNAMED -Declipse.application=org.eclipse.jdt.ls.core.id1 -Dosgi.bundles.defaultStartLevel=4 -Declipse.product=org.eclipse.jdt.ls.core.product -Djava.import.generatesMetadataFilesAtProjectRoot=false -DDetectVMInstallationsJob.disabled=true -Dfile.encoding=utf8 -XX:+UseParallelGC -XX:GCTimeRatio=4 -XX:AdaptiveSizePolicyWeight=90 -Dsun.zip.disableMemoryMapping=true -Xmx2G -Xms100m -Xlog:disable -javaagent:c:\Users\G SAI VIVEK\.vscode\extensions\redhat.java-1.46.0-win32-x64\lombok\lombok-1.18.39-4050.jar -XX:+HeapDumpOnOutOfMemoryError -XX:HeapDumpPath=c:\Users\G SAI VIVEK\AppData\Roaming\Code\User\workspaceStorage\f52082ad802b10699813e3e816d8d7bd\redhat.java -Daether.dependencyCollector.impl=bf c:\Users\G SAI VIVEK\.vscode\extensions\redhat.java-1.46.0-win32-x64\server\plugins\org.eclipse.equinox.launcher_1.7.0.v20250519-0528.jar -configuration c:\Users\G SAI VIVEK\AppData\Roaming\Code\User\globalStorage\redhat.java\1.46.0\config_win -data c:\Users\G SAI VIVEK\AppData\Roaming\Code\User\workspaceStorage\f52082ad802b10699813e3e816d8d7bd\redhat.java\jdt_ws --pipe=\\.\pipe\lsp-379ef74dcbc0001aad8ad557a37f758d-sock

Host: 12th Gen Intel(R) Core(TM) i5-1235U, 12 cores, 15G,  Windows 11 , 64 bit Build 26100 (10.0.26100.6725)
Time: Sat Oct 18 00:03:55 2025 India Standard Time elapsed time: 3813.212177 seconds (0d 1h 3m 33s)

---------------  T H R E A D  ---------------

Current thread (0x0000021add757260):  JavaThread "Attach Listener" daemon [_thread_in_vm, id=684, stack(0x000000e16de00000,0x000000e16df00000) (1024K)]

Stack: [0x000000e16de00000,0x000000e16df00000]
Native frames: (J=compiled Java code, j=interpreted, Vv=VM code, C=native code)
V  [jvm.dll+0x6d2449]
V  [jvm.dll+0x8ae341]
V  [jvm.dll+0x8b08be]
V  [jvm.dll+0x8b0fa3]
V  [jvm.dll+0x280c96]
V  [jvm.dll+0xc0347]
V  [jvm.dll+0x6d2cf9]
V  [jvm.dll+0x131116]
V  [jvm.dll+0x3f2d16]
V  [jvm.dll+0x857e6b]
V  [jvm.dll+0x6d0b0d]
C  [ucrtbase.dll+0x37b0]
C  [KERNEL32.DLL+0x2e8d7]
C  [ntdll.dll+0x8c53c]


---------------  P R O C E S S  ---------------

Threads class SMR info:
_java_thread_list=0x0000021afdcf34b0, length=38, elements={
0x0000021add6ad980, 0x0000021add65e4d0, 0x0000021add752ab0, 0x0000021add756390,
0x0000021add757260, 0x0000021add75b320, 0x0000021add75bd70, 0x0000021add763a90,
0x0000021af53e2f50, 0x0000021add71e970, 0x0000021af57018f0, 0x0000021afb0a4d00,
0x0000021af67d84b0, 0x0000021af64a8990, 0x0000021af54924c0, 0x0000021af6b355a0,
0x0000021af55f33b0, 0x0000021afb162360, 0x0000021afb4f0ea0, 0x0000021af5662120,
0x0000021af56627b0, 0x0000021afe91bfa0, 0x0000021afe91e070, 0x0000021afe91ed90,
0x0000021afe91d9e0, 0x0000021afe91ccc0, 0x0000021afe91f420, 0x0000021afe91e700,
0x0000021ac109a070, 0x0000021ac1097fa0, 0x0000021ac1098cc0, 0x0000021ac109bab0,
0x0000021ac109a700, 0x0000021ac1098630, 0x0000021ac10999e0, 0x0000021ac109c140,
0x0000021ac109c7d0, 0x0000021ac109ce60
}

Java Threads: ( => current thread )
  0x0000021add6ad980 JavaThread "main"                              [_thread_blocked, id=20204, stack(0x000000e16d700000,0x000000e16d800000) (1024K)]
  0x0000021add65e4d0 JavaThread "Reference Handler"          daemon [_thread_blocked, id=22668, stack(0x000000e16db00000,0x000000e16dc00000) (1024K)]
  0x0000021add752ab0 JavaThread "Finalizer"                  daemon [_thread_blocked, id=10200, stack(0x000000e16dc00000,0x000000e16dd00000) (1024K)]
  0x0000021add756390 JavaThread "Signal Dispatcher"          daemon [_thread_blocked, id=10276, stack(0x000000e16dd00000,0x000000e16de00000) (1024K)]
=>0x0000021add757260 JavaThread "Attach Listener"            daemon [_thread_in_vm, id=684, stack(0x000000e16de00000,0x000000e16df00000) (1024K)]
  0x0000021add75b320 JavaThread "Service Thread"             daemon [_thread_blocked, id=14548, stack(0x000000e16df00000,0x000000e16e000000) (1024K)]
  0x0000021add75bd70 JavaThread "Monitor Deflation Thread"   daemon [_thread_blocked, id=4308, stack(0x000000e16e000000,0x000000e16e100000) (1024K)]
  0x0000021add763a90 JavaThread "C2 CompilerThread0"         daemon [_thread_blocked, id=23640, stack(0x000000e16e100000,0x000000e16e200000) (1024K)]
  0x0000021af53e2f50 JavaThread "C1 CompilerThread0"         daemon [_thread_blocked, id=12168, stack(0x000000e16e200000,0x000000e16e300000) (1024K)]
  0x0000021add71e970 JavaThread "Common-Cleaner"             daemon [_thread_blocked, id=1728, stack(0x000000e16e300000,0x000000e16e400000) (1024K)]
  0x0000021af57018f0 JavaThread "Notification Thread"        daemon [_thread_blocked, id=23508, stack(0x000000e16e400000,0x000000e16e500000) (1024K)]
  0x0000021afb0a4d00 JavaThread "Active Thread: Equinox Container: f43d3a86-0621-450c-a26b-08863b72d47a"        [_thread_blocked, id=18180, stack(0x000000e16ed00000,0x000000e16ee00000) (1024K)]
  0x0000021af67d84b0 JavaThread "Refresh Thread: Equinox Container: f43d3a86-0621-450c-a26b-08863b72d47a" daemon [_thread_blocked, id=5056, stack(0x000000e16e600000,0x000000e16e700000) (1024K)]
  0x0000021af64a8990 JavaThread "Framework Event Dispatcher: Equinox Container: f43d3a86-0621-450c-a26b-08863b72d47a" daemon [_thread_blocked, id=18840, stack(0x000000e16ee00000,0x000000e16ef00000) (1024K)]
  0x0000021af54924c0 JavaThread "Start Level: Equinox Container: f43d3a86-0621-450c-a26b-08863b72d47a" daemon [_thread_blocked, id=10348, stack(0x000000e16ef00000,0x000000e16f000000) (1024K)]
  0x0000021af6b355a0 JavaThread "Bundle File Closer"         daemon [_thread_blocked, id=17364, stack(0x000000e16f300000,0x000000e16f400000) (1024K)]
  0x0000021af55f33b0 JavaThread "SCR Component Actor"        daemon [_thread_blocked, id=10908, stack(0x000000e16f000000,0x000000e16f100000) (1024K)]
  0x0000021afb162360 JavaThread "Worker-JM"                         [_thread_blocked, id=11788, stack(0x000000e16f500000,0x000000e16f600000) (1024K)]
  0x0000021afb4f0ea0 JavaThread "Worker-0"                          [_thread_blocked, id=26392, stack(0x000000e16f600000,0x000000e16f700000) (1024K)]
  0x0000021af5662120 JavaThread "Worker-1"                          [_thread_blocked, id=6556, stack(0x000000e16f700000,0x000000e16f800000) (1024K)]
  0x0000021af56627b0 JavaThread "Java indexing"              daemon [_thread_blocked, id=23040, stack(0x000000e16f800000,0x000000e16f900000) (1024K)]
  0x0000021afe91bfa0 JavaThread "JNA Cleaner"                daemon [_thread_blocked, id=5828, stack(0x000000e16fc00000,0x000000e16fd00000) (1024K)]
  0x0000021afe91e070 JavaThread "Thread-1"                   daemon [_thread_in_native, id=20648, stack(0x000000e170100000,0x000000e170200000) (1024K)]
  0x0000021afe91ed90 JavaThread "Thread-2"                   daemon [_thread_in_native, id=268, stack(0x000000e170200000,0x000000e170300000) (1024K)]
  0x0000021afe91d9e0 JavaThread "Thread-3"                   daemon [_thread_in_native, id=7972, stack(0x000000e170300000,0x000000e170400000) (1024K)]
  0x0000021afe91ccc0 JavaThread "Thread-4"                   daemon [_thread_in_native, id=23952, stack(0x000000e170400000,0x000000e170500000) (1024K)]
  0x0000021afe91f420 JavaThread "Thread-5"                   daemon [_thread_in_native, id=11300, stack(0x000000e170500000,0x000000e170600000) (1024K)]
  0x0000021afe91e700 JavaThread "Thread-6"                   daemon [_thread_in_native, id=19788, stack(0x000000e170600000,0x000000e170700000) (1024K)]
  0x0000021ac109a070 JavaThread "Thread-7"                   daemon [_thread_in_native, id=4160, stack(0x000000e170700000,0x000000e170800000) (1024K)]
  0x0000021ac1097fa0 JavaThread "Thread-8"                   daemon [_thread_in_native, id=12592, stack(0x000000e170800000,0x000000e170900000) (1024K)]
  0x0000021ac1098cc0 JavaThread "Thread-9"                   daemon [_thread_in_native, id=19320, stack(0x000000e170900000,0x000000e170a00000) (1024K)]
  0x0000021ac109bab0 JavaThread "Thread-10"                  daemon [_thread_in_native, id=19924, stack(0x000000e170a00000,0x000000e170b00000) (1024K)]
  0x0000021ac109a700 JavaThread "Thread-11"                  daemon [_thread_in_native, id=11568, stack(0x000000e170b00000,0x000000e170c00000) (1024K)]
  0x0000021ac1098630 JavaThread "Thread-12"                  daemon [_thread_in_native, id=12104, stack(0x000000e170c00000,0x000000e170d00000) (1024K)]
  0x0000021ac10999e0 JavaThread "Thread-13"                  daemon [_thread_in_native, id=17304, stack(0x000000e170d00000,0x000000e170e00000) (1024K)]
  0x0000021ac109c140 JavaThread "pool-2-thread-1"                   [_thread_blocked, id=13488, stack(0x000000e170e00000,0x000000e170f00000) (1024K)]
  0x0000021ac109c7d0 JavaThread "WorkspaceEventsHandler"            [_thread_blocked, id=22416, stack(0x000000e170f00000,0x000000e171000000) (1024K)]
  0x0000021ac109ce60 JavaThread "pool-1-thread-1"                   [_thread_blocked, id=23704, stack(0x000000e171000000,0x000000e171100000) (1024K)]
Total: 38

Other Threads:
  0x0000021add643520 VMThread "VM Thread"                           [id=25900, stack(0x000000e16da00000,0x000000e16db00000) (1024K)]
  0x0000021add53ca00 WatcherThread "VM Periodic Task Thread"        [id=21748, stack(0x000000e16d900000,0x000000e16da00000) (1024K)]
  0x0000021add6cced0 WorkerThread "GC Thread#0"                     [id=15724, stack(0x000000e16d800000,0x000000e16d900000) (1024K)]
  0x0000021af6a106a0 WorkerThread "GC Thread#1"                     [id=2168, stack(0x000000e16e700000,0x000000e16e800000) (1024K)]
  0x0000021afb0160c0 WorkerThread "GC Thread#2"                     [id=15240, stack(0x000000e16e800000,0x000000e16e900000) (1024K)]
  0x0000021afb016460 WorkerThread "GC Thread#3"                     [id=25920, stack(0x000000e16e900000,0x000000e16ea00000) (1024K)]
  0x0000021af6af7010 WorkerThread "GC Thread#4"                     [id=23712, stack(0x000000e16ea00000,0x000000e16eb00000) (1024K)]
  0x0000021af6af73b0 WorkerThread "GC Thread#5"                     [id=19796, stack(0x000000e16eb00000,0x000000e16ec00000) (1024K)]
  0x0000021afb268010 WorkerThread "GC Thread#6"                     [id=19252, stack(0x000000e16ec00000,0x000000e16ed00000) (1024K)]
  0x0000021afb0260a0 WorkerThread "GC Thread#7"                     [id=1252, stack(0x000000e16e500000,0x000000e16e600000) (1024K)]
  0x0000021afb0cd860 WorkerThread "GC Thread#8"                     [id=25428, stack(0x000000e16f100000,0x000000e16f200000) (1024K)]
  0x0000021af56f1760 WorkerThread "GC Thread#9"                     [id=5968, stack(0x000000e16f200000,0x000000e16f300000) (1024K)]
Total: 12

Threads with active compile tasks:
Total: 0

VM state: not at safepoint (normal execution)

VM Mutex/Monitor currently owned by a thread: None

Heap address: 0x0000000080000000, size: 2048 MB, Compressed Oops mode: 32-bit

CDS archive(s) mapped at: [0x0000021a80000000-0x0000021a80ba0000-0x0000021a80ba0000), size 12189696, SharedBaseAddress: 0x0000021a80000000, ArchiveRelocationMode: 1.
Compressed class space mapped at: 0x0000021a81000000-0x0000021ac1000000, reserved size: 1073741824
Narrow klass base: 0x0000021a80000000, Narrow klass shift: 0, Narrow klass range: 0x100000000

GC Precious Log:
 CardTable entry size: 512
 CPUs: 12 total, 12 available
 Memory: 16108M
 Large Page Support: Disabled
 NUMA Support: Disabled
 Compressed Oops: Enabled (32-bit)
 Alignments: Space 512K, Generation 512K, Heap 2M
 Heap Min Capacity: 100M
 Heap Initial Capacity: 100M
 Heap Max Capacity: 2G
 Pre-touch: Disabled
 Parallel Workers: 10

Heap:
 PSYoungGen      total 4096K, used 3390K [0x00000000d5580000, 0x00000000d5d00000, 0x0000000100000000)
  eden space 3072K, 78% used [0x00000000d5580000,0x00000000d57d7b48,0x00000000d5880000)
  from space 1024K, 96% used [0x00000000d5900000,0x00000000d59f8000,0x00000000d5a00000)
  to   space 2048K, 0% used [0x00000000d5b00000,0x00000000d5b00000,0x00000000d5d00000)
 ParOldGen       total 749056K, used 748991K [0x0000000080000000, 0x00000000adb80000, 0x00000000d5580000)
  object space 749056K, 99% used [0x0000000080000000,0x00000000adb6fc68,0x00000000adb80000)
 Metaspace       used 70682K, committed 72192K, reserved 1114112K
  class space    used 7637K, committed 8256K, reserved 1048576K

Card table byte_map: [0x0000021add050000,0x0000021add460000] _byte_map_base: 0x0000021adcc50000

Marking Bits: (ParMarkBitMap*) 0x00007ffc15d2a340
 Begin Bits: [0x0000021aefb50000, 0x0000021af1b50000)
 End Bits:   [0x0000021af1b50000, 0x0000021af3b50000)

Polling page: 0x0000021adccc0000

Metaspace:

Usage:
  Non-class:     61.57 MB used.
      Class:      7.46 MB used.
       Both:     69.03 MB used.

Virtual space:
  Non-class space:       64.00 MB reserved,      62.44 MB ( 98%) committed,  1 nodes.
      Class space:        1.00 GB reserved,       8.06 MB ( <1%) committed,  1 nodes.
             Both:        1.06 GB reserved,      70.50 MB (  6%) committed. 

Chunk freelists:
   Non-Class:  1.44 MB
       Class:  7.88 MB
        Both:  9.32 MB

MaxMetaspaceSize: unlimited
CompressedClassSpaceSize: 1.00 GB
Initial GC threshold: 21.00 MB
Current GC threshold: 97.31 MB
CDS: on
 - commit_granule_bytes: 65536.
 - commit_granule_words: 8192.
 - virtual_space_node_default_size: 8388608.
 - enlarge_chunks_in_place: 1.
 - use_allocation_guard: 0.


Internal statistics:

num_allocs_failed_limit: 9.
num_arena_births: 1286.
num_arena_deaths: 26.
num_vsnodes_births: 2.
num_vsnodes_deaths: 0.
num_space_committed: 1128.
num_space_uncommitted: 0.
num_chunks_returned_to_freelist: 40.
num_chunks_taken_from_freelist: 4442.
num_chunk_merges: 16.
num_chunk_splits: 2718.
num_chunks_enlarged: 1553.
num_inconsistent_stats: 0.

CodeHeap 'non-profiled nmethods': size=120000Kb used=10512Kb max_used=10512Kb free=109487Kb
 bounds [0x0000021ae8370000, 0x0000021ae8dc0000, 0x0000021aef8a0000]
CodeHeap 'profiled nmethods': size=120000Kb used=27339Kb max_used=27339Kb free=92660Kb
 bounds [0x0000021ae08a0000, 0x0000021ae2360000, 0x0000021ae7dd0000]
CodeHeap 'non-nmethods': size=5760Kb used=1475Kb max_used=1536Kb free=4284Kb
 bounds [0x0000021ae7dd0000, 0x0000021ae8040000, 0x0000021ae8370000]
CodeCache: size=245760Kb, used=39326Kb, max_used=39387Kb, free=206431Kb
 total_blobs=13325, nmethods=12534, adapters=696, full_count=0
Compilation: enabled, stopped_count=0, restarted_count=0

Compilation events (20 events):
Event: 2738.627 Thread 0x0000021af53e2f50 13282       3       java.lang.ref.ReferenceQueue::await (15 bytes)
Event: 2738.629 Thread 0x0000021af53e2f50 nmethod 13282 0x0000021ae234ff10 code [0x0000021ae23500c0, 0x0000021ae2350260]
Event: 2805.746 Thread 0x0000021af53e2f50 13283       3       java.util.Optional::get (22 bytes)
Event: 2805.752 Thread 0x0000021af53e2f50 nmethod 13283 0x0000021ae2350390 code [0x0000021ae2350540, 0x0000021ae2350760]
Event: 2835.778 Thread 0x0000021af53e2f50 13284       3       java.lang.ProcessHandleImpl::<init> (15 bytes)
Event: 2835.780 Thread 0x0000021af53e2f50 nmethod 13284 0x0000021ae2350890 code [0x0000021ae2350a40, 0x0000021ae2350bb0]
Event: 2865.801 Thread 0x0000021af53e2f50 13285       3       java.lang.ProcessHandleImpl::get (51 bytes)
Event: 2865.808 Thread 0x0000021af53e2f50 nmethod 13285 0x0000021ae2350c90 code [0x0000021ae2350ea0, 0x0000021ae23514a8]
Event: 2885.813 Thread 0x0000021af53e2f50 13286       3       java.lang.ProcessHandle::of (5 bytes)
Event: 2885.813 Thread 0x0000021af53e2f50 nmethod 13286 0x0000021ae2351710 code [0x0000021ae23518c0, 0x0000021ae23519d8]
Event: 2885.813 Thread 0x0000021af53e2f50 13287       3       java.lang.ProcessHandleImpl::isAlive (44 bytes)
Event: 2885.813 Thread 0x0000021af53e2f50 nmethod 13287 0x0000021ae2351a90 code [0x0000021ae2351c40, 0x0000021ae2351ea0]
Event: 3030.275 Thread 0x0000021af53e2f50 13288       3       org.eclipse.core.internal.resources.ResourceInfo::shareStrings (43 bytes)
Event: 3030.281 Thread 0x0000021af53e2f50 nmethod 13288 0x0000021ae2351f90 code [0x0000021ae2352160, 0x0000021ae2352428]
Event: 3066.048 Thread 0x0000021af53e2f50 13289       3       java.util.concurrent.ThreadPoolExecutor::ensurePrestart (41 bytes)
Event: 3066.063 Thread 0x0000021af53e2f50 nmethod 13289 0x0000021ae2352590 code [0x0000021ae2352760, 0x0000021ae2352a10]
Event: 3488.886 Thread 0x0000021af53e2f50 13290       3       java.lang.Module::getClassLoader (20 bytes)
Event: 3488.890 Thread 0x0000021af53e2f50 nmethod 13290 0x0000021ae2352b10 code [0x0000021ae2352cc0, 0x0000021ae2352eb8]
Event: 3513.316 Thread 0x0000021af53e2f50 13291       1       org.eclipse.osgi.internal.location.BasicLocation::isReadOnly (5 bytes)
Event: 3513.317 Thread 0x0000021af53e2f50 nmethod 13291 0x0000021ae8db3e10 code [0x0000021ae8db3fa0, 0x0000021ae8db4070]

GC Heap History (20 events):
Event: 1057.360 GC heap before
{Heap before GC invocations=763 (full 3):
 PSYoungGen      total 3584K, used 3232K [0x00000000d5580000, 0x00000000d5b80000, 0x0000000100000000)
  eden space 3072K, 100% used [0x00000000d5580000,0x00000000d5880000,0x00000000d5880000)
  from space 512K, 31% used [0x00000000d5a80000,0x00000000d5aa8000,0x00000000d5b00000)
  to   space 512K, 0% used [0x00000000d5b00000,0x00000000d5b00000,0x00000000d5b80000)
 ParOldGen       total 745472K, used 745250K [0x0000000080000000, 0x00000000ad800000, 0x00000000d5580000)
  object space 745472K, 99% used [0x0000000080000000,0x00000000ad7c8af8,0x00000000ad800000)
 Metaspace       used 70609K, committed 72128K, reserved 1114112K
  class space    used 7636K, committed 8256K, reserved 1048576K
}
Event: 1057.362 GC heap after
{Heap after GC invocations=763 (full 3):
 PSYoungGen      total 3584K, used 224K [0x00000000d5580000, 0x00000000d5b80000, 0x0000000100000000)
  eden space 3072K, 0% used [0x00000000d5580000,0x00000000d5580000,0x00000000d5880000)
  from space 512K, 43% used [0x00000000d5b00000,0x00000000d5b38000,0x00000000d5b80000)
  to   space 512K, 0% used [0x00000000d5a80000,0x00000000d5a80000,0x00000000d5b00000)
 ParOldGen       total 745472K, used 745314K [0x0000000080000000, 0x00000000ad800000, 0x00000000d5580000)
  object space 745472K, 99% used [0x0000000080000000,0x00000000ad7d8af8,0x00000000ad800000)
 Metaspace       used 70609K, committed 72128K, reserved 1114112K
  class space    used 7636K, committed 8256K, reserved 1048576K
}
Event: 1057.557 GC heap before
{Heap before GC invocations=764 (full 3):
 PSYoungGen      total 3584K, used 3296K [0x00000000d5580000, 0x00000000d5b80000, 0x0000000100000000)
  eden space 3072K, 100% used [0x00000000d5580000,0x00000000d5880000,0x00000000d5880000)
  from space 512K, 43% used [0x00000000d5b00000,0x00000000d5b38000,0x00000000d5b80000)
  to   space 512K, 0% used [0x00000000d5a80000,0x00000000d5a80000,0x00000000d5b00000)
 ParOldGen       total 745472K, used 745314K [0x0000000080000000, 0x00000000ad800000, 0x00000000d5580000)
  object space 745472K, 99% used [0x0000000080000000,0x00000000ad7d8af8,0x00000000ad800000)
 Metaspace       used 70611K, committed 72128K, reserved 1114112K
  class space    used 7636K, committed 8256K, reserved 1048576K
}
Event: 1057.558 GC heap after
{Heap after GC invocations=764 (full 3):
 PSYoungGen      total 3584K, used 192K [0x00000000d5580000, 0x00000000d5b80000, 0x0000000100000000)
  eden space 3072K, 0% used [0x00000000d5580000,0x00000000d5580000,0x00000000d5880000)
  from space 512K, 37% used [0x00000000d5a80000,0x00000000d5ab0000,0x00000000d5b00000)
  to   space 512K, 0% used [0x00000000d5b00000,0x00000000d5b00000,0x00000000d5b80000)
 ParOldGen       total 745472K, used 745338K [0x0000000080000000, 0x00000000ad800000, 0x00000000d5580000)
  object space 745472K, 99% used [0x0000000080000000,0x00000000ad7deaf8,0x00000000ad800000)
 Metaspace       used 70611K, committed 72128K, reserved 1114112K
  class space    used 7636K, committed 8256K, reserved 1048576K
}
Event: 1058.774 GC heap before
{Heap before GC invocations=765 (full 3):
 PSYoungGen      total 3584K, used 3264K [0x00000000d5580000, 0x00000000d5b80000, 0x0000000100000000)
  eden space 3072K, 100% used [0x00000000d5580000,0x00000000d5880000,0x00000000d5880000)
  from space 512K, 37% used [0x00000000d5a80000,0x00000000d5ab0000,0x00000000d5b00000)
  to   space 512K, 0% used [0x00000000d5b00000,0x00000000d5b00000,0x00000000d5b80000)
 ParOldGen       total 745472K, used 745338K [0x0000000080000000, 0x00000000ad800000, 0x00000000d5580000)
  object space 745472K, 99% used [0x0000000080000000,0x00000000ad7deaf8,0x00000000ad800000)
 Metaspace       used 70622K, committed 72192K, reserved 1114112K
  class space    used 7636K, committed 8256K, reserved 1048576K
}
Event: 1058.776 GC heap after
{Heap after GC invocations=765 (full 3):
 PSYoungGen      total 3584K, used 192K [0x00000000d5580000, 0x00000000d5b80000, 0x0000000100000000)
  eden space 3072K, 0% used [0x00000000d5580000,0x00000000d5580000,0x00000000d5880000)
  from space 512K, 37% used [0x00000000d5b00000,0x00000000d5b30000,0x00000000d5b80000)
  to   space 512K, 0% used [0x00000000d5a80000,0x00000000d5a80000,0x00000000d5b00000)
 ParOldGen       total 745472K, used 745354K [0x0000000080000000, 0x00000000ad800000, 0x00000000d5580000)
  object space 745472K, 99% used [0x0000000080000000,0x00000000ad7e2af8,0x00000000ad800000)
 Metaspace       used 70622K, committed 72192K, reserved 1114112K
  class space    used 7636K, committed 8256K, reserved 1048576K
}
Event: 1058.832 GC heap before
{Heap before GC invocations=766 (full 3):
 PSYoungGen      total 3584K, used 3264K [0x00000000d5580000, 0x00000000d5b80000, 0x0000000100000000)
  eden space 3072K, 100% used [0x00000000d5580000,0x00000000d5880000,0x00000000d5880000)
  from space 512K, 37% used [0x00000000d5b00000,0x00000000d5b30000,0x00000000d5b80000)
  to   space 512K, 0% used [0x00000000d5a80000,0x00000000d5a80000,0x00000000d5b00000)
 ParOldGen       total 745472K, used 745354K [0x0000000080000000, 0x00000000ad800000, 0x00000000d5580000)
  object space 745472K, 99% used [0x0000000080000000,0x00000000ad7e2af8,0x00000000ad800000)
 Metaspace       used 70622K, committed 72192K, reserved 1114112K
  class space    used 7636K, committed 8256K, reserved 1048576K
}
Event: 1058.834 GC heap after
{Heap after GC invocations=766 (full 3):
 PSYoungGen      total 3584K, used 160K [0x00000000d5580000, 0x00000000d5b80000, 0x0000000100000000)
  eden space 3072K, 0% used [0x00000000d5580000,0x00000000d5580000,0x00000000d5880000)
  from space 512K, 31% used [0x00000000d5a80000,0x00000000d5aa8000,0x00000000d5b00000)
  to   space 512K, 0% used [0x00000000d5b00000,0x00000000d5b00000,0x00000000d5b80000)
 ParOldGen       total 745472K, used 745418K [0x0000000080000000, 0x00000000ad800000, 0x00000000d5580000)
  object space 745472K, 99% used [0x0000000080000000,0x00000000ad7f2af8,0x00000000ad800000)
 Metaspace       used 70622K, committed 72192K, reserved 1114112K
  class space    used 7636K, committed 8256K, reserved 1048576K
}
Event: 1058.887 GC heap before
{Heap before GC invocations=767 (full 3):
 PSYoungGen      total 3584K, used 3232K [0x00000000d5580000, 0x00000000d5b80000, 0x0000000100000000)
  eden space 3072K, 100% used [0x00000000d5580000,0x00000000d5880000,0x00000000d5880000)
  from space 512K, 31% used [0x00000000d5a80000,0x00000000d5aa8000,0x00000000d5b00000)
  to   space 512K, 0% used [0x00000000d5b00000,0x00000000d5b00000,0x00000000d5b80000)
 ParOldGen       total 745472K, used 745418K [0x0000000080000000, 0x00000000ad800000, 0x00000000d5580000)
  object space 745472K, 99% used [0x0000000080000000,0x00000000ad7f2af8,0x00000000ad800000)
 Metaspace       used 70629K, committed 72192K, reserved 1114112K
  class space    used 7636K, committed 8256K, reserved 1048576K
}
Event: 1058.888 GC heap after
{Heap after GC invocations=767 (full 3):
 PSYoungGen      total 3584K, used 160K [0x00000000d5580000, 0x00000000d5b80000, 0x0000000100000000)
  eden space 3072K, 0% used [0x00000000d5580000,0x00000000d5580000,0x00000000d5880000)
  from space 512K, 31% used [0x00000000d5b00000,0x00000000d5b28000,0x00000000d5b80000)
  to   space 512K, 0% used [0x00000000d5a80000,0x00000000d5a80000,0x00000000d5b00000)
 ParOldGen       total 745472K, used 745418K [0x0000000080000000, 0x00000000ad800000, 0x00000000d5580000)
  object space 745472K, 99% used [0x0000000080000000,0x00000000ad7f2af8,0x00000000ad800000)
 Metaspace       used 70629K, committed 72192K, reserved 1114112K
  class space    used 7636K, committed 8256K, reserved 1048576K
}
Event: 1059.655 GC heap before
{Heap before GC invocations=768 (full 3):
 PSYoungGen      total 3584K, used 3232K [0x00000000d5580000, 0x00000000d5b80000, 0x0000000100000000)
  eden space 3072K, 100% used [0x00000000d5580000,0x00000000d5880000,0x00000000d5880000)
  from space 512K, 31% used [0x00000000d5b00000,0x00000000d5b28000,0x00000000d5b80000)
  to   space 512K, 0% used [0x00000000d5a80000,0x00000000d5a80000,0x00000000d5b00000)
 ParOldGen       total 745472K, used 745418K [0x0000000080000000, 0x00000000ad800000, 0x00000000d5580000)
  object space 745472K, 99% used [0x0000000080000000,0x00000000ad7f2af8,0x00000000ad800000)
 Metaspace       used 70629K, committed 72192K, reserved 1114112K
  class space    used 7636K, committed 8256K, reserved 1048576K
}
Event: 1059.657 GC heap after
{Heap after GC invocations=768 (full 3):
 PSYoungGen      total 3584K, used 192K [0x00000000d5580000, 0x00000000d5b80000, 0x0000000100000000)
  eden space 3072K, 0% used [0x00000000d5580000,0x00000000d5580000,0x00000000d5880000)
  from space 512K, 37% used [0x00000000d5a80000,0x00000000d5ab0000,0x00000000d5b00000)
  to   space 512K, 0% used [0x00000000d5b00000,0x00000000d5b00000,0x00000000d5b80000)
 ParOldGen       total 745472K, used 745418K [0x0000000080000000, 0x00000000ad800000, 0x00000000d5580000)
  object space 745472K, 99% used [0x0000000080000000,0x00000000ad7f2af8,0x00000000ad800000)
 Metaspace       used 70629K, committed 72192K, reserved 1114112K
  class space    used 7636K, committed 8256K, reserved 1048576K
}
Event: 1075.978 GC heap before
{Heap before GC invocations=769 (full 3):
 PSYoungGen      total 3584K, used 3264K [0x00000000d5580000, 0x00000000d5b80000, 0x0000000100000000)
  eden space 3072K, 100% used [0x00000000d5580000,0x00000000d5880000,0x00000000d5880000)
  from space 512K, 37% used [0x00000000d5a80000,0x00000000d5ab0000,0x00000000d5b00000)
  to   space 512K, 0% used [0x00000000d5b00000,0x00000000d5b00000,0x00000000d5b80000)
 ParOldGen       total 745472K, used 745418K [0x0000000080000000, 0x00000000ad800000, 0x00000000d5580000)
  object space 745472K, 99% used [0x0000000080000000,0x00000000ad7f2af8,0x00000000ad800000)
 Metaspace       used 70633K, committed 72192K, reserved 1114112K
  class space    used 7637K, committed 8256K, reserved 1048576K
}
Event: 1075.980 GC heap after
{Heap after GC invocations=769 (full 3):
 PSYoungGen      total 3584K, used 490K [0x00000000d5580000, 0x00000000d5b80000, 0x0000000100000000)
  eden space 3072K, 0% used [0x00000000d5580000,0x00000000d5580000,0x00000000d5880000)
  from space 512K, 95% used [0x00000000d5b00000,0x00000000d5b7a938,0x00000000d5b80000)
  to   space 1024K, 0% used [0x00000000d5980000,0x00000000d5980000,0x00000000d5a80000)
 ParOldGen       total 745984K, used 745599K [0x0000000080000000, 0x00000000ad880000, 0x00000000d5580000)
  object space 745984K, 99% used [0x0000000080000000,0x00000000ad81fcf8,0x00000000ad880000)
 Metaspace       used 70633K, committed 72192K, reserved 1114112K
  class space    used 7637K, committed 8256K, reserved 1048576K
}
Event: 1075.995 GC heap before
{Heap before GC invocations=770 (full 3):
 PSYoungGen      total 3584K, used 3562K [0x00000000d5580000, 0x00000000d5b80000, 0x0000000100000000)
  eden space 3072K, 100% used [0x00000000d5580000,0x00000000d5880000,0x00000000d5880000)
  from space 512K, 95% used [0x00000000d5b00000,0x00000000d5b7a938,0x00000000d5b80000)
  to   space 1024K, 0% used [0x00000000d5980000,0x00000000d5980000,0x00000000d5a80000)
 ParOldGen       total 745984K, used 745599K [0x0000000080000000, 0x00000000ad880000, 0x00000000d5580000)
  object space 745984K, 99% used [0x0000000080000000,0x00000000ad81fcf8,0x00000000ad880000)
 Metaspace       used 70633K, committed 72192K, reserved 1114112K
  class space    used 7637K, committed 8256K, reserved 1048576K
}
Event: 1075.997 GC heap after
{Heap after GC invocations=770 (full 3):
 PSYoungGen      total 4096K, used 1002K [0x00000000d5580000, 0x00000000d6080000, 0x0000000100000000)
  eden space 3072K, 0% used [0x00000000d5580000,0x00000000d5580000,0x00000000d5880000)
  from space 1024K, 97% used [0x00000000d5980000,0x00000000d5a7aa78,0x00000000d5a80000)
  to   space 4096K, 0% used [0x00000000d5c80000,0x00000000d5c80000,0x00000000d6080000)
 ParOldGen       total 748032K, used 747783K [0x0000000080000000, 0x00000000ada80000, 0x00000000d5580000)
  object space 748032K, 99% used [0x0000000080000000,0x00000000ada41e00,0x00000000ada80000)
 Metaspace       used 70633K, committed 72192K, reserved 1114112K
  class space    used 7637K, committed 8256K, reserved 1048576K
}
Event: 1076.024 GC heap before
{Heap before GC invocations=771 (full 3):
 PSYoungGen      total 4096K, used 4071K [0x00000000d5580000, 0x00000000d6080000, 0x0000000100000000)
  eden space 3072K, 99% used [0x00000000d5580000,0x00000000d587f218,0x00000000d5880000)
  from space 1024K, 97% used [0x00000000d5980000,0x00000000d5a7aa78,0x00000000d5a80000)
  to   space 4096K, 0% used [0x00000000d5c80000,0x00000000d5c80000,0x00000000d6080000)
 ParOldGen       total 748032K, used 747783K [0x0000000080000000, 0x00000000ada80000, 0x00000000d5580000)
  object space 748032K, 99% used [0x0000000080000000,0x00000000ada41e00,0x00000000ada80000)
 Metaspace       used 70635K, committed 72192K, reserved 1114112K
  class space    used 7637K, committed 8256K, reserved 1048576K
}
Event: 1076.026 GC heap after
{Heap after GC invocations=771 (full 3):
 PSYoungGen      total 5632K, used 2523K [0x00000000d5580000, 0x00000000d5f00000, 0x0000000100000000)
  eden space 3072K, 0% used [0x00000000d5580000,0x00000000d5580000,0x00000000d5880000)
  from space 2560K, 98% used [0x00000000d5c80000,0x00000000d5ef6d00,0x00000000d5f00000)
  to   space 3072K, 0% used [0x00000000d5900000,0x00000000d5900000,0x00000000d5c00000)
 ParOldGen       total 749056K, used 748799K [0x0000000080000000, 0x00000000adb80000, 0x00000000d5580000)
  object space 749056K, 99% used [0x0000000080000000,0x00000000adb3fc68,0x00000000adb80000)
 Metaspace       used 70635K, committed 72192K, reserved 1114112K
  class space    used 7637K, committed 8256K, reserved 1048576K
}
Event: 1091.454 GC heap before
{Heap before GC invocations=772 (full 3):
 PSYoungGen      total 5632K, used 5595K [0x00000000d5580000, 0x00000000d5f00000, 0x0000000100000000)
  eden space 3072K, 100% used [0x00000000d5580000,0x00000000d5880000,0x00000000d5880000)
  from space 2560K, 98% used [0x00000000d5c80000,0x00000000d5ef6d00,0x00000000d5f00000)
  to   space 3072K, 0% used [0x00000000d5900000,0x00000000d5900000,0x00000000d5c00000)
 ParOldGen       total 749056K, used 748799K [0x0000000080000000, 0x00000000adb80000, 0x00000000d5580000)
  object space 749056K, 99% used [0x0000000080000000,0x00000000adb3fc68,0x00000000adb80000)
 Metaspace       used 70650K, committed 72192K, reserved 1114112K
  class space    used 7637K, committed 8256K, reserved 1048576K
}
Event: 1091.457 GC heap after
{Heap after GC invocations=772 (full 3):
 PSYoungGen      total 4096K, used 992K [0x00000000d5580000, 0x00000000d5d00000, 0x0000000100000000)
  eden space 3072K, 0% used [0x00000000d5580000,0x00000000d5580000,0x00000000d5880000)
  from space 1024K, 96% used [0x00000000d5900000,0x00000000d59f8000,0x00000000d5a00000)
  to   space 2048K, 0% used [0x00000000d5b00000,0x00000000d5b00000,0x00000000d5d00000)
 ParOldGen       total 749056K, used 748991K [0x0000000080000000, 0x00000000adb80000, 0x00000000d5580000)
  object space 749056K, 99% used [0x0000000080000000,0x00000000adb6fc68,0x00000000adb80000)
 Metaspace       used 70650K, committed 72192K, reserved 1114112K
  class space    used 7637K, committed 8256K, reserved 1048576K
}

Dll operation events (14 events):
Event: 0.025 Loaded shared library c:\Users\G SAI VIVEK\.vscode\extensions\redhat.java-1.46.0-win32-x64\jre\21.0.8-win32-x86_64\bin\java.dll
Event: 0.156 Loaded shared library c:\Users\G SAI VIVEK\.vscode\extensions\redhat.java-1.46.0-win32-x64\jre\21.0.8-win32-x86_64\bin\zip.dll
Event: 0.195 Loaded shared library C:\Users\G SAI VIVEK\.vscode\extensions\redhat.java-1.46.0-win32-x64\jre\21.0.8-win32-x86_64\bin\instrument.dll
Event: 0.203 Loaded shared library C:\Users\G SAI VIVEK\.vscode\extensions\redhat.java-1.46.0-win32-x64\jre\21.0.8-win32-x86_64\bin\net.dll
Event: 0.207 Loaded shared library C:\Users\G SAI VIVEK\.vscode\extensions\redhat.java-1.46.0-win32-x64\jre\21.0.8-win32-x86_64\bin\nio.dll
Event: 0.212 Loaded shared library C:\Users\G SAI VIVEK\.vscode\extensions\redhat.java-1.46.0-win32-x64\jre\21.0.8-win32-x86_64\bin\zip.dll
Event: 0.243 Loaded shared library C:\Users\G SAI VIVEK\.vscode\extensions\redhat.java-1.46.0-win32-x64\jre\21.0.8-win32-x86_64\bin\jimage.dll
Event: 0.361 Loaded shared library c:\Users\G SAI VIVEK\.vscode\extensions\redhat.java-1.46.0-win32-x64\jre\21.0.8-win32-x86_64\bin\verify.dll
Event: 10.750 Loaded shared library C:\Users\G SAI VIVEK\AppData\Roaming\Code\User\globalStorage\redhat.java\1.46.0\config_win\org.eclipse.equinox.launcher\org.eclipse.equinox.launcher.win32.win32.x86_64_1.2.1400.v20250801-0854\eclipse_11916.dll
Event: 30.029 Loaded shared library C:\Users\G SAI VIVEK\.vscode\extensions\redhat.java-1.46.0-win32-x64\jre\21.0.8-win32-x86_64\bin\management.dll
Event: 30.035 Loaded shared library C:\Users\G SAI VIVEK\.vscode\extensions\redhat.java-1.46.0-win32-x64\jre\21.0.8-win32-x86_64\bin\management_ext.dll
Event: 33.047 Loaded shared library C:\Users\G SAI VIVEK\AppData\Local\Temp\jna--1743228245\jna5523566091970462306.dll
Event: 33.345 Loaded shared library C:\Users\G SAI VIVEK\.vscode\extensions\redhat.java-1.46.0-win32-x64\jre\21.0.8-win32-x86_64\bin\sunmscapi.dll
Event: 34.292 Loaded shared library C:\Users\G SAI VIVEK\.vscode\extensions\redhat.java-1.46.0-win32-x64\jre\21.0.8-win32-x86_64\bin\extnet.dll

Deoptimization events (20 events):
Event: 64.857 Thread 0x0000021ac1f3d720 DEOPT PACKING pc=0x0000021ae870b1d8 sp=0x000000e16fbfe230
Event: 64.857 Thread 0x0000021ac1f3d720 DEOPT UNPACKING pc=0x0000021ae7e23aa2 sp=0x000000e16fbfe1a8 mode 2
Event: 64.911 Thread 0x0000021ac1f3d720 DEOPT PACKING pc=0x0000021ae22152bb sp=0x000000e16fbfe260
Event: 64.912 Thread 0x0000021ac1f3d720 DEOPT UNPACKING pc=0x0000021ae7e24242 sp=0x000000e16fbfd798 mode 0
Event: 64.921 Thread 0x0000021ac1f3d720 DEOPT PACKING pc=0x0000021ae22152bb sp=0x000000e16fbfe260
Event: 64.921 Thread 0x0000021ac1f3d720 DEOPT UNPACKING pc=0x0000021ae7e24242 sp=0x000000e16fbfd798 mode 0
Event: 67.446 Thread 0x0000021afb4f0ea0 DEOPT PACKING pc=0x0000021ae22152bb sp=0x000000e16f6fed20
Event: 67.446 Thread 0x0000021afb4f0ea0 DEOPT UNPACKING pc=0x0000021ae7e24242 sp=0x000000e16f6fe258 mode 0
Event: 1026.432 Thread 0x0000021ac109c7d0 Uncommon trap: trap_request=0xffffff45 fr.pc=0x0000021ae8963110 relative=0x00000000000002d0
Event: 1026.432 Thread 0x0000021ac109c7d0 Uncommon trap: reason=unstable_if action=reinterpret pc=0x0000021ae8963110 method=org.eclipse.core.runtime.Path.equals(Ljava/lang/Object;)Z @ 120 c2
Event: 1026.432 Thread 0x0000021ac109c7d0 DEOPT PACKING pc=0x0000021ae8963110 sp=0x000000e170ffec90
Event: 1026.432 Thread 0x0000021ac109c7d0 DEOPT UNPACKING pc=0x0000021ae7e23aa2 sp=0x000000e170ffec20 mode 2
Event: 1026.435 Thread 0x0000021ac109c7d0 DEOPT PACKING pc=0x0000021ae1b440b1 sp=0x000000e170ffe410
Event: 1026.435 Thread 0x0000021ac109c7d0 DEOPT UNPACKING pc=0x0000021ae7e24242 sp=0x000000e170ffd930 mode 0
Event: 1075.953 Thread 0x0000021ac1f3f7f0 Uncommon trap: trap_request=0xffffff45 fr.pc=0x0000021ae8d82338 relative=0x0000000000002718
Event: 1075.953 Thread 0x0000021ac1f3f7f0 Uncommon trap: reason=unstable_if action=reinterpret pc=0x0000021ae8d82338 method=java.net.URI.decode(Ljava/lang/String;Z)Ljava/lang/String; @ 12 c2
Event: 1075.953 Thread 0x0000021ac1f3f7f0 DEOPT PACKING pc=0x0000021ae8d82338 sp=0x000000e16d4fe860
Event: 1075.953 Thread 0x0000021ac1f3f7f0 DEOPT UNPACKING pc=0x0000021ae7e23aa2 sp=0x000000e16d4fe858 mode 2
Event: 1159.589 Thread 0x0000021ac109c7d0 DEOPT PACKING pc=0x0000021ae22eaf41 sp=0x000000e170ffe780
Event: 1159.589 Thread 0x0000021ac109c7d0 DEOPT UNPACKING pc=0x0000021ae7e24242 sp=0x000000e170ffdc60 mode 0

Classes loaded (20 events):
Event: 46.102 Loading class java/util/stream/ReferencePipeline$4$1
Event: 46.102 Loading class java/util/stream/ReferencePipeline$4$1 done
Event: 47.362 Loading class java/io/CharArrayWriter
Event: 47.362 Loading class java/io/CharArrayWriter done
Event: 47.379 Loading class java/nio/file/attribute/PosixFileAttributes
Event: 47.379 Loading class java/nio/file/attribute/PosixFileAttributes done
Event: 48.988 Loading class java/util/stream/ReduceOps$5
Event: 48.988 Loading class java/util/stream/ReduceOps$5 done
Event: 48.988 Loading class java/util/stream/ReduceOps$CountingSink$OfRef
Event: 48.997 Loading class java/util/stream/ReduceOps$CountingSink
Event: 48.998 Loading class java/util/stream/ReduceOps$CountingSink done
Event: 48.998 Loading class java/util/stream/ReduceOps$CountingSink$OfRef done
Event: 49.099 Loading class java/util/stream/ReduceOps$1
Event: 49.099 Loading class java/util/stream/ReduceOps$1 done
Event: 49.099 Loading class java/util/stream/ReduceOps$1ReducingSink
Event: 49.100 Loading class java/util/stream/ReduceOps$1ReducingSink done
Event: 64.268 Loading class java/util/concurrent/CompletableFuture$UniApply
Event: 64.268 Loading class java/util/concurrent/CompletableFuture$UniApply done
Event: 64.272 Loading class java/util/concurrent/CompletableFuture$UniExceptionally
Event: 64.272 Loading class java/util/concurrent/CompletableFuture$UniExceptionally done

Classes unloaded (13 events):
Event: 31.491 Thread 0x0000021add643520 Unloading class 0x0000021a811ab400 'java/lang/invoke/LambdaForm$MH+0x0000021a811ab400'
Event: 31.491 Thread 0x0000021add643520 Unloading class 0x0000021a811ab000 'java/lang/invoke/LambdaForm$MH+0x0000021a811ab000'
Event: 31.491 Thread 0x0000021add643520 Unloading class 0x0000021a811aac00 'java/lang/invoke/LambdaForm$MH+0x0000021a811aac00'
Event: 31.491 Thread 0x0000021add643520 Unloading class 0x0000021a811aa800 'java/lang/invoke/LambdaForm$MH+0x0000021a811aa800'
Event: 31.491 Thread 0x0000021add643520 Unloading class 0x0000021a811aa400 'java/lang/invoke/LambdaForm$BMH+0x0000021a811aa400'
Event: 31.491 Thread 0x0000021add643520 Unloading class 0x0000021a811aa000 'java/lang/invoke/LambdaForm$DMH+0x0000021a811aa000'
Event: 31.491 Thread 0x0000021add643520 Unloading class 0x0000021a811a8c00 'java/lang/invoke/LambdaForm$DMH+0x0000021a811a8c00'
Event: 33.566 Thread 0x0000021add643520 Unloading class 0x0000021a812f4800 'java/lang/invoke/LambdaForm$DMH+0x0000021a812f4800'
Event: 33.566 Thread 0x0000021add643520 Unloading class 0x0000021a812f2400 'java/lang/invoke/LambdaForm$MH+0x0000021a812f2400'
Event: 41.980 Thread 0x0000021add643520 Unloading class 0x0000021a81651800 'java/lang/invoke/LambdaForm$DMH+0x0000021a81651800'
Event: 41.980 Thread 0x0000021add643520 Unloading class 0x0000021a81651400 'java/lang/invoke/LambdaForm$DMH+0x0000021a81651400'
Event: 41.980 Thread 0x0000021add643520 Unloading class 0x0000021a81651000 'java/lang/invoke/LambdaForm$DMH+0x0000021a81651000'
Event: 41.980 Thread 0x0000021add643520 Unloading class 0x0000021a81650c00 'java/lang/invoke/LambdaForm$DMH+0x0000021a81650c00'

Classes redefined (0 events):
No events

Internal exceptions (20 events):
Event: 64.358 Thread 0x0000021ac1f3d720 Exception <a 'sun/nio/fs/WindowsException'{0x00000000d56c4210}> (0x00000000d56c4210) 
thrown [s\src\hotspot\share\prims\jni.cpp, line 520]
Event: 64.360 Thread 0x0000021ac1f3d720 Exception <a 'sun/nio/fs/WindowsException'{0x00000000d56c7c88}> (0x00000000d56c7c88) 
thrown [s\src\hotspot\share\prims\jni.cpp, line 520]
Event: 64.360 Thread 0x0000021ac1f3d720 Exception <a 'sun/nio/fs/WindowsException'{0x00000000d56c87f0}> (0x00000000d56c87f0) 
thrown [s\src\hotspot\share\prims\jni.cpp, line 520]
Event: 64.361 Thread 0x0000021ac1f3d720 Exception <a 'sun/nio/fs/WindowsException'{0x00000000d56ca700}> (0x00000000d56ca700) 
thrown [s\src\hotspot\share\prims\jni.cpp, line 520]
Event: 64.361 Thread 0x0000021ac1f3d720 Exception <a 'sun/nio/fs/WindowsException'{0x00000000d56cb250}> (0x00000000d56cb250) 
thrown [s\src\hotspot\share\prims\jni.cpp, line 520]
Event: 64.369 Thread 0x0000021ac1f3d720 Exception <a 'sun/nio/fs/WindowsException'{0x00000000d56f41b0}> (0x00000000d56f41b0) 
thrown [s\src\hotspot\share\prims\jni.cpp, line 520]
Event: 64.369 Thread 0x0000021ac1f3d720 Exception <a 'sun/nio/fs/WindowsException'{0x00000000d56f4cf8}> (0x00000000d56f4cf8) 
thrown [s\src\hotspot\share\prims\jni.cpp, line 520]
Event: 64.389 Thread 0x0000021afb4f0ea0 Exception <a 'sun/nio/fs/WindowsException'{0x00000000d57bf280}> (0x00000000d57bf280) 
thrown [s\src\hotspot\share\prims\jni.cpp, line 520]
Event: 64.389 Thread 0x0000021afb4f0ea0 Exception <a 'sun/nio/fs/WindowsException'{0x00000000d57bf8b0}> (0x00000000d57bf8b0) 
thrown [s\src\hotspot\share\prims\jni.cpp, line 520]
Event: 64.436 Thread 0x0000021ac1f44d40 Exception <a 'java/lang/NoSuchMethodError'{0x00000000d562d6e0}: 'java.lang.Object java.lang.invoke.DirectMethodHandle$Holder.invokeStaticInit(java.lang.Object, java.lang.Object, java.lang.Object)'> (0x00000000d562d6e0) 
thrown [s\src\hotspot\share\interpreter\linkResolver.cpp, line 773]
Event: 64.441 Thread 0x0000021afb4f0ea0 Exception <a 'java/lang/NoSuchMethodError'{0x00000000d56af278}: 'java.lang.Object java.lang.invoke.Invokers$Holder.linkToTargetMethod(java.lang.Object, java.lang.Object, int, int, java.lang.Object)'> (0x00000000d56af278) 
thrown [s\src\hotspot\share\interpreter\linkResolver.cpp, line 773]
Event: 64.448 Thread 0x0000021afb4f0ea0 Exception <a 'java/lang/NoSuchMethodError'{0x00000000d5796490}: method resolution failed> (0x00000000d5796490) 
thrown [s\src\hotspot\share\prims\methodHandles.cpp, line 1144]
Event: 64.533 Thread 0x0000021ac1f43300 Exception <a 'java/lang/IncompatibleClassChangeError'{0x00000000d55ce180}: Found class java.lang.Object, but interface was expected> (0x00000000d55ce180) 
thrown [s\src\hotspot\share\interpreter\linkResolver.cpp, line 840]
Event: 64.677 Thread 0x0000021ac1f43300 Implicit null exception at 0x0000021ae8d37d87 to 0x0000021ae8d39dd0
Event: 64.910 Thread 0x0000021ac1f44d40 Exception <a 'sun/nio/fs/WindowsException'{0x00000000d559ad00}> (0x00000000d559ad00) 
thrown [s\src\hotspot\share\prims\jni.cpp, line 520]
Event: 64.910 Thread 0x0000021ac1f44d40 Exception <a 'sun/nio/fs/WindowsException'{0x00000000d559b5e0}> (0x00000000d559b5e0) 
thrown [s\src\hotspot\share\prims\jni.cpp, line 520]
Event: 67.440 Thread 0x0000021afb4f0ea0 Exception <a 'sun/nio/fs/WindowsException'{0x00000000d57d36e8}> (0x00000000d57d36e8) 
thrown [s\src\hotspot\share\prims\jni.cpp, line 520]
Event: 67.440 Thread 0x0000021afb4f0ea0 Exception <a 'sun/nio/fs/WindowsException'{0x00000000d57d3d18}> (0x00000000d57d3d18) 
thrown [s\src\hotspot\share\prims\jni.cpp, line 520]
Event: 343.694 Thread 0x0000021af5662120 Exception <a 'sun/nio/fs/WindowsException'{0x00000000d55f9140}> (0x00000000d55f9140) 
thrown [s\src\hotspot\share\prims\jni.cpp, line 520]
Event: 343.694 Thread 0x0000021af5662120 Exception <a 'sun/nio/fs/WindowsException'{0x00000000d55f9c68}> (0x00000000d55f9c68) 
thrown [s\src\hotspot\share\prims\jni.cpp, line 520]

ZGC Phase Switch (0 events):
No events

VM Operations (20 events):
Event: 3367.671 Executing VM operation: HandshakeAllThreads (HandshakeForDeflation)
Event: 3367.671 Executing VM operation: HandshakeAllThreads (HandshakeForDeflation) done
Event: 3367.709 Executing VM operation: RendezvousGCThreads
Event: 3367.709 Executing VM operation: RendezvousGCThreads done
Event: 3427.842 Executing VM operation: HandshakeAllThreads (HandshakeForDeflation)
Event: 3427.842 Executing VM operation: HandshakeAllThreads (HandshakeForDeflation) done
Event: 3427.842 Executing VM operation: RendezvousGCThreads
Event: 3427.842 Executing VM operation: RendezvousGCThreads done
Event: 3488.022 Executing VM operation: HandshakeAllThreads (HandshakeForDeflation)
Event: 3488.022 Executing VM operation: HandshakeAllThreads (HandshakeForDeflation) done
Event: 3488.022 Executing VM operation: RendezvousGCThreads
Event: 3488.022 Executing VM operation: RendezvousGCThreads done
Event: 3668.406 Executing VM operation: HandshakeAllThreads (HandshakeForDeflation)
Event: 3668.406 Executing VM operation: HandshakeAllThreads (HandshakeForDeflation) done
Event: 3668.406 Executing VM operation: RendezvousGCThreads
Event: 3668.406 Executing VM operation: RendezvousGCThreads done
Event: 3788.515 Executing VM operation: HandshakeAllThreads (HandshakeForDeflation)
Event: 3788.516 Executing VM operation: HandshakeAllThreads (HandshakeForDeflation) done
Event: 3788.516 Executing VM operation: RendezvousGCThreads
Event: 3788.516 Executing VM operation: RendezvousGCThreads done

Memory protections (0 events):
No events

Nmethod flushes (20 events):
Event: 42.000 Thread 0x0000021add643520 flushing  nmethod 0x0000021ae10f1890
Event: 42.000 Thread 0x0000021add643520 flushing  nmethod 0x0000021ae10f5310
Event: 42.000 Thread 0x0000021add643520 flushing  nmethod 0x0000021ae1112a10
Event: 42.000 Thread 0x0000021add643520 flushing  nmethod 0x0000021ae1118490
Event: 42.000 Thread 0x0000021add643520 flushing  nmethod 0x0000021ae1119a90
Event: 42.000 Thread 0x0000021add643520 flushing  nmethod 0x0000021ae111aa90
Event: 42.000 Thread 0x0000021add643520 flushing  nmethod 0x0000021ae111bf10
Event: 42.000 Thread 0x0000021add643520 flushing  nmethod 0x0000021ae111c390
Event: 42.000 Thread 0x0000021add643520 flushing  nmethod 0x0000021ae111c990
Event: 42.000 Thread 0x0000021add643520 flushing  nmethod 0x0000021ae111cd90
Event: 42.000 Thread 0x0000021add643520 flushing  nmethod 0x0000021ae111e310
Event: 42.000 Thread 0x0000021add643520 flushing  nmethod 0x0000021ae111ed90
Event: 42.000 Thread 0x0000021add643520 flushing  nmethod 0x0000021ae111f190
Event: 42.000 Thread 0x0000021add643520 flushing  nmethod 0x0000021ae1125a90
Event: 42.000 Thread 0x0000021add643520 flushing  nmethod 0x0000021ae1175a90
Event: 42.000 Thread 0x0000021add643520 flushing  nmethod 0x0000021ae117e190
Event: 42.000 Thread 0x0000021add643520 flushing  nmethod 0x0000021ae117f610
Event: 42.000 Thread 0x0000021add643520 flushing  nmethod 0x0000021ae1180010
Event: 42.000 Thread 0x0000021add643520 flushing  nmethod 0x0000021ae118be90
Event: 42.000 Thread 0x0000021add643520 flushing  nmethod 0x0000021ae1199f90

Events (20 events):
Event: 427.473 Thread 0x0000021ac1f3e440 Thread exited: 0x0000021ac1f3e440
Event: 466.911 Thread 0x0000021afc0664b0 Thread exited: 0x0000021afc0664b0
Event: 487.480 Thread 0x0000021ac1f418c0 Thread exited: 0x0000021ac1f418c0
Event: 526.922 Thread 0x0000021afc067ef0 Thread exited: 0x0000021afc067ef0
Event: 547.484 Thread 0x0000021ac1f3ddb0 Thread exited: 0x0000021ac1f3ddb0
Event: 586.925 Thread 0x0000021afc068580 Thread exited: 0x0000021afc068580
Event: 607.490 Thread 0x0000021ac1f40510 Thread exited: 0x0000021ac1f40510
Event: 646.939 Thread 0x0000021afc066b40 Thread exited: 0x0000021afc066b40
Event: 667.491 Thread 0x0000021ac1f41f50 Thread exited: 0x0000021ac1f41f50
Event: 706.939 Thread 0x0000021afc067860 Thread exited: 0x0000021afc067860
Event: 727.500 Thread 0x0000021ac1f446b0 Thread exited: 0x0000021ac1f446b0
Event: 766.942 Thread 0x0000021afc065790 Thread exited: 0x0000021afc065790
Event: 1059.671 Thread 0x0000021af53e2f50 Thread added: 0x0000021afdf1e4c0
Event: 1064.772 Thread 0x0000021afdf1e4c0 Thread exited: 0x0000021afdf1e4c0
Event: 1075.946 Thread 0x0000021ac109ce60 Thread added: 0x0000021ac1f3f7f0
Event: 1075.955 Thread 0x0000021ac1f3f7f0 Thread added: 0x0000021ac1f41230
Event: 1076.050 Thread 0x0000021af53e2f50 Thread added: 0x0000021afdf1eb90
Event: 1081.065 Thread 0x0000021afdf1eb90 Thread exited: 0x0000021afdf1eb90
Event: 1136.055 Thread 0x0000021ac1f3f7f0 Thread exited: 0x0000021ac1f3f7f0
Event: 1196.060 Thread 0x0000021ac1f41230 Thread exited: 0x0000021ac1f41230


Dynamic libraries:
0x00007ff640b60000 - 0x00007ff640b6e000 	c:\Users\G SAI VIVEK\.vscode\extensions\redhat.java-1.46.0-win32-x64\jre\21.0.8-win32-x86_64\bin\java.exe
0x00007ffca55e0000 - 0x00007ffca5848000 	C:\WINDOWS\SYSTEM32\ntdll.dll
0x00007ffca4930000 - 0x00007ffca49f9000 	C:\WINDOWS\System32\KERNEL32.DLL
0x00007ffca2a30000 - 0x00007ffca2e22000 	C:\WINDOWS\System32\KERNELBASE.dll
0x00007ffca31a0000 - 0x00007ffca32eb000 	C:\WINDOWS\System32\ucrtbase.dll
0x00007ffc922e0000 - 0x00007ffc922f8000 	c:\Users\G SAI VIVEK\.vscode\extensions\redhat.java-1.46.0-win32-x64\jre\21.0.8-win32-x86_64\bin\jli.dll
0x00007ffc91bb0000 - 0x00007ffc91bce000 	c:\Users\G SAI VIVEK\.vscode\extensions\redhat.java-1.46.0-win32-x64\jre\21.0.8-win32-x86_64\bin\VCRUNTIME140.dll
0x00007ffca53d0000 - 0x00007ffca5595000 	C:\WINDOWS\System32\USER32.dll
0x00007ffc7a370000 - 0x00007ffc7a603000 	C:\WINDOWS\WinSxS\amd64_microsoft.windows.common-controls_6595b64144ccf1df_6.0.26100.6899_none_3e0efeeae32e88c1\COMCTL32.dll
0x00007ffca3170000 - 0x00007ffca3197000 	C:\WINDOWS\System32\win32u.dll
0x00007ffca3f80000 - 0x00007ffca3fab000 	C:\WINDOWS\System32\GDI32.dll
0x00007ffca2fb0000 - 0x00007ffca30dd000 	C:\WINDOWS\System32\gdi32full.dll
0x00007ffca2770000 - 0x00007ffca2813000 	C:\WINDOWS\System32\msvcp_win.dll
0x00007ffca3710000 - 0x00007ffca37b9000 	C:\WINDOWS\System32\msvcrt.dll
0x00007ffca3e80000 - 0x00007ffca3eaf000 	C:\WINDOWS\System32\IMM32.DLL
0x00007ffc93bc0000 - 0x00007ffc93bcc000 	c:\Users\G SAI VIVEK\.vscode\extensions\redhat.java-1.46.0-win32-x64\jre\21.0.8-win32-x86_64\bin\vcruntime140_1.dll
0x00007ffc62210000 - 0x00007ffc6229d000 	c:\Users\G SAI VIVEK\.vscode\extensions\redhat.java-1.46.0-win32-x64\jre\21.0.8-win32-x86_64\bin\msvcp140.dll
0x00007ffc15070000 - 0x00007ffc15e07000 	c:\Users\G SAI VIVEK\.vscode\extensions\redhat.java-1.46.0-win32-x64\jre\21.0.8-win32-x86_64\bin\server\jvm.dll
0x00007ffca3ec0000 - 0x00007ffca3f74000 	C:\WINDOWS\System32\ADVAPI32.dll
0x00007ffca37c0000 - 0x00007ffca3866000 	C:\WINDOWS\System32\sechost.dll
0x00007ffca52b0000 - 0x00007ffca53c8000 	C:\WINDOWS\System32\RPCRT4.dll
0x00007ffca4a00000 - 0x00007ffca4a74000 	C:\WINDOWS\System32\WS2_32.dll
0x00007ffc99800000 - 0x00007ffc99835000 	C:\WINDOWS\SYSTEM32\WINMM.dll
0x00007ffc7e130000 - 0x00007ffc7e13b000 	C:\WINDOWS\SYSTEM32\VERSION.dll
0x00007ffca25d0000 - 0x00007ffca262e000 	C:\WINDOWS\SYSTEM32\POWRPROF.dll
0x00007ffca25b0000 - 0x00007ffca25c4000 	C:\WINDOWS\SYSTEM32\UMPDC.dll
0x00007ffca1540000 - 0x00007ffca155b000 	C:\WINDOWS\SYSTEM32\kernel.appcore.dll
0x00007ffc8dd60000 - 0x00007ffc8dd6a000 	c:\Users\G SAI VIVEK\.vscode\extensions\redhat.java-1.46.0-win32-x64\jre\21.0.8-win32-x86_64\bin\jimage.dll
0x00007ffc9fdd0000 - 0x00007ffca0012000 	C:\WINDOWS\SYSTEM32\DBGHELP.DLL
0x00007ffca3970000 - 0x00007ffca3ceb000 	C:\WINDOWS\System32\combase.dll
0x00007ffca4cf0000 - 0x00007ffca4dc7000 	C:\WINDOWS\System32\OLEAUT32.dll
0x00007ffc76120000 - 0x00007ffc7615c000 	C:\WINDOWS\SYSTEM32\dbgcore.DLL
0x00007ffca2820000 - 0x00007ffca28b8000 	C:\WINDOWS\System32\bcryptPrimitives.dll
0x00007ffc8dd50000 - 0x00007ffc8dd5f000 	c:\Users\G SAI VIVEK\.vscode\extensions\redhat.java-1.46.0-win32-x64\jre\21.0.8-win32-x86_64\bin\instrument.dll
0x00007ffc8dd30000 - 0x00007ffc8dd4f000 	c:\Users\G SAI VIVEK\.vscode\extensions\redhat.java-1.46.0-win32-x64\jre\21.0.8-win32-x86_64\bin\java.dll
0x00007ffca41c0000 - 0x00007ffca490d000 	C:\WINDOWS\System32\SHELL32.dll
0x00007ffca28c0000 - 0x00007ffca2a2b000 	C:\WINDOWS\System32\wintypes.dll
0x00007ffca03a0000 - 0x00007ffca0bfd000 	C:\WINDOWS\SYSTEM32\windows.storage.dll
0x00007ffca3d20000 - 0x00007ffca3e12000 	C:\WINDOWS\System32\SHCORE.dll
0x00007ffca4150000 - 0x00007ffca41b2000 	C:\WINDOWS\System32\shlwapi.dll
0x00007ffca2690000 - 0x00007ffca26b9000 	C:\WINDOWS\SYSTEM32\profapi.dll
0x00007ffc8dcf0000 - 0x00007ffc8dd08000 	c:\Users\G SAI VIVEK\.vscode\extensions\redhat.java-1.46.0-win32-x64\jre\21.0.8-win32-x86_64\bin\zip.dll
0x00007ffc8dd20000 - 0x00007ffc8dd30000 	C:\Users\G SAI VIVEK\.vscode\extensions\redhat.java-1.46.0-win32-x64\jre\21.0.8-win32-x86_64\bin\net.dll
0x00007ffc9adf0000 - 0x00007ffc9af0f000 	C:\WINDOWS\SYSTEM32\WINHTTP.dll
0x00007ffca1ab0000 - 0x00007ffca1b1b000 	C:\WINDOWS\system32\mswsock.dll
0x00007ffc8dbc0000 - 0x00007ffc8dbd6000 	C:\Users\G SAI VIVEK\.vscode\extensions\redhat.java-1.46.0-win32-x64\jre\21.0.8-win32-x86_64\bin\nio.dll
0x00007ffc8dbb0000 - 0x00007ffc8dbc0000 	c:\Users\G SAI VIVEK\.vscode\extensions\redhat.java-1.46.0-win32-x64\jre\21.0.8-win32-x86_64\bin\verify.dll
0x00007ffc8d7e0000 - 0x00007ffc8d824000 	C:\Users\G SAI VIVEK\AppData\Roaming\Code\User\globalStorage\redhat.java\1.46.0\config_win\org.eclipse.equinox.launcher\org.eclipse.equinox.launcher.win32.win32.x86_64_1.2.1400.v20250801-0854\eclipse_11916.dll
0x00007ffca3fb0000 - 0x00007ffca4148000 	C:\WINDOWS\System32\ole32.dll
0x00007ffc9f100000 - 0x00007ffc9f10a000 	C:\Users\G SAI VIVEK\.vscode\extensions\redhat.java-1.46.0-win32-x64\jre\21.0.8-win32-x86_64\bin\management.dll
0x00007ffc9d130000 - 0x00007ffc9d13b000 	C:\Users\G SAI VIVEK\.vscode\extensions\redhat.java-1.46.0-win32-x64\jre\21.0.8-win32-x86_64\bin\management_ext.dll
0x00007ffca36f0000 - 0x00007ffca36f8000 	C:\WINDOWS\System32\PSAPI.DLL
0x00007ffca1d60000 - 0x00007ffca1d7b000 	C:\WINDOWS\SYSTEM32\CRYPTSP.dll
0x00007ffca14a0000 - 0x00007ffca14db000 	C:\WINDOWS\system32\rsaenh.dll
0x00007ffca1b50000 - 0x00007ffca1b7b000 	C:\WINDOWS\SYSTEM32\USERENV.dll
0x00007ffca2660000 - 0x00007ffca2686000 	C:\WINDOWS\SYSTEM32\bcrypt.dll
0x00007ffca1d80000 - 0x00007ffca1d8c000 	C:\WINDOWS\SYSTEM32\CRYPTBASE.dll
0x00007ffca1070000 - 0x00007ffca10a4000 	C:\WINDOWS\SYSTEM32\IPHLPAPI.DLL
0x00007ffca4ce0000 - 0x00007ffca4cea000 	C:\WINDOWS\System32\NSI.dll
0x00007ffc5f440000 - 0x00007ffc5f489000 	C:\Users\G SAI VIVEK\AppData\Local\Temp\jna--1743228245\jna5523566091970462306.dll
0x00007ffc9b1b0000 - 0x00007ffc9b1ce000 	C:\WINDOWS\SYSTEM32\dhcpcsvc6.DLL
0x00007ffc9b160000 - 0x00007ffc9b183000 	C:\WINDOWS\SYSTEM32\dhcpcsvc.DLL
0x00007ffc9d120000 - 0x00007ffc9d12e000 	C:\Users\G SAI VIVEK\.vscode\extensions\redhat.java-1.46.0-win32-x64\jre\21.0.8-win32-x86_64\bin\sunmscapi.dll
0x00007ffca2e30000 - 0x00007ffca2fa7000 	C:\WINDOWS\System32\CRYPT32.dll
0x00007ffca1f80000 - 0x00007ffca1fb0000 	C:\WINDOWS\SYSTEM32\ncrypt.dll
0x00007ffca1f30000 - 0x00007ffca1f6f000 	C:\WINDOWS\SYSTEM32\NTASN1.dll
0x00007ffca10b0000 - 0x00007ffca11d6000 	C:\WINDOWS\SYSTEM32\DNSAPI.dll
0x00007ffc92d90000 - 0x00007ffc92d9b000 	C:\Windows\System32\rasadhlp.dll
0x00007ffc9bc10000 - 0x00007ffc9bc96000 	C:\WINDOWS\System32\fwpuclnt.dll
0x00007ffc93bd0000 - 0x00007ffc93bd9000 	C:\Users\G SAI VIVEK\.vscode\extensions\redhat.java-1.46.0-win32-x64\jre\21.0.8-win32-x86_64\bin\extnet.dll

JVMTI agents:
c:\Users\G SAI VIVEK\.vscode\extensions\redhat.java-1.46.0-win32-x64\lombok\lombok-1.18.39-4050.jar path:c:\Users\G SAI VIVEK\.vscode\extensions\redhat.java-1.46.0-win32-x64\jre\21.0.8-win32-x86_64\bin\instrument.dll, loaded, initialized, instrumentlib options:none

dbghelp: loaded successfully - version: 4.0.5 - missing functions: none
symbol engine: initialized successfully - sym options: 0x614 - pdb path: .;c:\Users\G SAI VIVEK\.vscode\extensions\redhat.java-1.46.0-win32-x64\jre\21.0.8-win32-x86_64\bin;C:\WINDOWS\SYSTEM32;C:\WINDOWS\WinSxS\amd64_microsoft.windows.common-controls_6595b64144ccf1df_6.0.26100.6899_none_3e0efeeae32e88c1;c:\Users\G SAI VIVEK\.vscode\extensions\redhat.java-1.46.0-win32-x64\jre\21.0.8-win32-x86_64\bin\server;C:\Users\G SAI VIVEK\AppData\Roaming\Code\User\globalStorage\redhat.java\1.46.0\config_win\org.eclipse.equinox.launcher\org.eclipse.equinox.launcher.win32.win32.x86_64_1.2.1400.v20250801-0854;C:\Users\G SAI VIVEK\AppData\Local\Temp\jna--1743228245

VM Arguments:
jvm_args: --add-modules=ALL-SYSTEM --add-opens=java.base/java.util=ALL-UNNAMED --add-opens=java.base/java.lang=ALL-UNNAMED --add-opens=java.base/sun.nio.fs=ALL-UNNAMED -Declipse.application=org.eclipse.jdt.ls.core.id1 -Dosgi.bundles.defaultStartLevel=4 -Declipse.product=org.eclipse.jdt.ls.core.product -Djava.import.generatesMetadataFilesAtProjectRoot=false -DDetectVMInstallationsJob.disabled=true -Dfile.encoding=utf8 -XX:+UseParallelGC -XX:GCTimeRatio=4 -XX:AdaptiveSizePolicyWeight=90 -Dsun.zip.disableMemoryMapping=true -Xmx2G -Xms100m -Xlog:disable -javaagent:c:\Users\G SAI VIVEK\.vscode\extensions\redhat.java-1.46.0-win32-x64\lombok\lombok-1.18.39-4050.jar -XX:+HeapDumpOnOutOfMemoryError -XX:HeapDumpPath=c:\Users\G SAI VIVEK\AppData\Roaming\Code\User\workspaceStorage\f52082ad802b10699813e3e816d8d7bd\redhat.java -Daether.dependencyCollector.impl=bf 
java_command: c:\Users\G SAI VIVEK\.vscode\extensions\redhat.java-1.46.0-win32-x64\server\plugins\org.eclipse.equinox.launcher_1.7.0.v20250519-0528.jar -configuration c:\Users\G SAI VIVEK\AppData\Roaming\Code\User\globalStorage\redhat.java\1.46.0\config_win -data c:\Users\G SAI VIVEK\AppData\Roaming\Code\User\workspaceStorage\f52082ad802b10699813e3e816d8d7bd\redhat.java\jdt_ws --pipe=\\.\pipe\lsp-379ef74dcbc0001aad8ad557a37f758d-sock
java_class_path (initial): c:\Users\G SAI VIVEK\.vscode\extensions\redhat.java-1.46.0-win32-x64\server\plugins\org.eclipse.equinox.launcher_1.7.0.v20250519-0528.jar
Launcher Type: SUN_STANDARD

[Global flags]
    uintx AdaptiveSizePolicyWeight                 = 90                                        {product} {command line}
     intx CICompilerCount                          = 4                                         {product} {ergonomic}
    uintx GCTimeRatio                              = 4                                         {product} {command line}
     bool HeapDumpOnOutOfMemoryError               = true                                   {manageable} {command line}
    ccstr HeapDumpPath                             = c:\Users\G SAI VIVEK\AppData\Roaming\Code\User\workspaceStorage\f52082ad802b10699813e3e816d8d7bd\redhat.java         {manageable} {command line}
   size_t InitialHeapSize                          = 104857600                                 {product} {command line}
   size_t MaxHeapSize                              = 2147483648                                {product} {command line}
   size_t MaxNewSize                               = 715653120                                 {product} {ergonomic}
   size_t MinHeapDeltaBytes                        = 524288                                    {product} {ergonomic}
   size_t MinHeapSize                              = 104857600                                 {product} {command line}
   size_t NewSize                                  = 34603008                                  {product} {ergonomic}
    uintx NonNMethodCodeHeapSize                   = 5839372                                {pd product} {ergonomic}
    uintx NonProfiledCodeHeapSize                  = 122909434                              {pd product} {ergonomic}
   size_t OldSize                                  = 70254592                                  {product} {ergonomic}
    uintx ProfiledCodeHeapSize                     = 122909434                              {pd product} {ergonomic}
    uintx ReservedCodeCacheSize                    = 251658240                              {pd product} {ergonomic}
     bool SegmentedCodeCache                       = true                                      {product} {ergonomic}
   size_t SoftMaxHeapSize                          = 2147483648                             {manageable} {ergonomic}
     bool UseCompressedOops                        = true                           {product lp64_product} {ergonomic}
     bool UseLargePagesIndividualAllocation        = false                                  {pd product} {ergonomic}
     bool UseParallelGC                            = true                                      {product} {command line}

Logging:
Log output configuration:
 #0: stdout all=off uptime,level,tags foldmultilines=false
 #1: stderr all=off uptime,level,tags foldmultilines=false

Environment Variables:
JAVA_HOME=C:\Program Files\Java\jdk-21
PATH=F:\Softwares\apache-maven-3.9.11-bin\apache-maven-3.9.11\bin;C:\Program Files\Java\jdk-21\bin;C:\Program Files\Python311\Scripts\;C:\Program Files\Python311\;C:\Program Files\Python313\Scripts\;C:\Program Files\Python313\;C:\Program Files\Common Files\Oracle\Java\javapath;C:\Program Files (x86)\Common Files\Oracle\Java\javapath;C:\WINDOWS\system32;C:\WINDOWS;C:\WINDOWS\System32\Wbem;C:\WINDOWS\System32\WindowsPowerShell\v1.0\;C:\WINDOWS\System32\OpenSSH\;C:\Program Files\Git\cmd;c:\Users\G SAI VIVEK\AppData\Local\Programs\cursor\resources\app\bin;;C:\Program Files\nodejs\;C:\Program Files\Docker\Docker\resources\bin;C:\ProgramData\chocolatey\bin;C:\Users\G SAI VIVEK\AppData\Local\Programs\Python\Python310\Scripts\;C:\Users\G SAI VIVEK\AppData\Local\Programs\Python\Python310\;C:\Users\G SAI VIVEK\AppData\Roaming\Python\Python311\Scripts;C:\Program Files\Google\Chrome\Application;C:\Program Files\Common Files\Oracle\Java\javapath;C:\Program Files (x86)\Common Files\Oracle\Java\java8path;C:\Program Files (x86)\Common Files\Oracle\Java\javapath;C:\WINDOWS\system32;C:\WINDOWS;C:\WINDOWS\System32\Wbem;C:\WINDOWS\System32\WindowsPowerShell\v1.0\;C:\WINDOWS\System32\OpenSSH\;C:\Program Files\Git\cmd;C:\Program Files\nodejs\;C:\Program Files\Java\jdk-24\bin;C:\Users\G SAI VIVEK\AppData\Local\Microsoft\WindowsApps;C:\Users\G SAI VIVEK\AppData\Local\Programs\Microsoft VS Code\bin;C:\Program Files\Java\jdk-24\bin;C:\Program Files\Java\latest\bin;C:\Program Files\Common Files\Oracle\Java\bin;C:\Users\G SAI VIVEK\AppData\Local\Programs\Python\Python313\;C:\Users\G SAI VIVEK\AppData\Local\Programs\Python\Python313\Scripts\;C:\Program Files\JetBrains\PyCharm 2025.1.3.1\bin;C:\Program Files\JetBrains\PyCharm Community Edition 2025.2\bin;C:\Users\G SAI VIVEK\.lmstudio\bin;C:\Users\G SAI VIVEK\AppData\Roaming\npm;C:\Users\G SAI VIVEK\AppData\Local\Programs\cursor\resources\app\bin
USERNAME=G SAI VIVEK
OS=Windows_NT
PROCESSOR_IDENTIFIER=Intel64 Family 6 Model 154 Stepping 4, GenuineIntel
TMP=C:\Users\GSAIVI~1\AppData\Local\Temp
TEMP=C:\Users\GSAIVI~1\AppData\Local\Temp




Periodic native trim disabled

---------------  S Y S T E M  ---------------

OS:
 Windows 11 , 64 bit Build 26100 (10.0.26100.6725)
OS uptime: 1 days 1:50 hours
Hyper-V role detected

CPU: total 12 (initial active 12) (6 cores per cpu, 2 threads per core) family 6 model 154 stepping 4 microcode 0x41f, cx8, cmov, fxsr, ht, mmx, 3dnowpref, sse, sse2, sse3, ssse3, sse4.1, sse4.2, popcnt, lzcnt, tsc, tscinvbit, avx, avx2, aes, erms, clmul, bmi1, bmi2, adx, sha, fma, vzeroupper, clflush, clflushopt, clwb, hv, serialize, rdtscp, rdpid, fsrm, f16c, cet_ibt, cet_ss
Processor Information for processor 0
  Max Mhz: 1300, Current Mhz: 1300, Mhz Limit: 1300
Processor Information for processor 1
  Max Mhz: 1300, Current Mhz: 1300, Mhz Limit: 1300
Processor Information for processor 2
  Max Mhz: 1300, Current Mhz: 1300, Mhz Limit: 1300
Processor Information for processor 3
  Max Mhz: 1300, Current Mhz: 1300, Mhz Limit: 1300
Processor Information for processor 4
  Max Mhz: 900, Current Mhz: 900, Mhz Limit: 900
Processor Information for processor 5
  Max Mhz: 900, Current Mhz: 900, Mhz Limit: 900
Processor Information for processor 6
  Max Mhz: 900, Current Mhz: 900, Mhz Limit: 900
Processor Information for processor 7
  Max Mhz: 900, Current Mhz: 900, Mhz Limit: 900
Processor Information for processor 8
  Max Mhz: 900, Current Mhz: 900, Mhz Limit: 900
Processor Information for processor 9
  Max Mhz: 900, Current Mhz: 900, Mhz Limit: 900
Processor Information for processor 10
  Max Mhz: 900, Current Mhz: 900, Mhz Limit: 900
Processor Information for processor 11
  Max Mhz: 900, Current Mhz: 900, Mhz Limit: 900

Memory: 4k page, system-wide physical 16108M (1572M free)
TotalPageFile size 29036M (AvailPageFile size 4M)
current process WorkingSet (physical memory assigned to process): 22M, peak: 1105M
current process commit charge ("private bytes"): 1031M, peak: 1056M

vm_info: OpenJDK 64-Bit Server VM (21.0.8+9-LTS) for windows-amd64 JRE (21.0.8+9-LTS), built on 2025-07-15T00:00:00Z by "admin" with MS VC++ 17.7 (VS2022)

END.
